This file contains any messages produced by compilers while
running configure, to aid debugging if configure makes a mistake.

It was created by configure, which was
generated by GNU Autoconf 2.68.  Invocation command line was

  $ ./configure 

## --------- ##
## Platform. ##
## --------- ##

hostname = wmvm
uname -m = x86_64
uname -r = 3.2.0-23-generic
uname -s = Linux
uname -v = #36-Ubuntu SMP Tue Apr 10 20:39:51 UTC 2012

/usr/bin/uname -p = unknown
/bin/uname -X     = unknown

/bin/arch              = unknown
/usr/bin/arch -k       = unknown
/usr/convex/getsysinfo = unknown
/usr/bin/hostinfo      = unknown
/bin/machine           = unknown
/usr/bin/oslevel       = unknown
/bin/universe          = unknown

PATH: /usr/local/sbin
PATH: /usr/local/bin
PATH: /usr/sbin
PATH: /usr/bin
PATH: /sbin
PATH: /bin
PATH: /usr/games


## ----------- ##
## Core tests. ##
## ----------- ##

configure:2359: checking for a BSD-compatible install
configure:2427: result: /usr/bin/install -c
configure:2438: checking whether build environment is sane
configure:2488: result: yes
configure:2629: checking for a thread-safe mkdir -p
configure:2668: result: /bin/mkdir -p
configure:2681: checking for gawk
configure:2711: result: no
configure:2681: checking for mawk
configure:2697: found /usr/bin/mawk
configure:2708: result: mawk
configure:2719: checking whether make sets $(MAKE)
configure:2741: result: yes
configure:2836: checking build system type
configure:2850: result: x86_64-unknown-linux-gnu
configure:2870: checking host system type
configure:2883: result: x86_64-unknown-linux-gnu
configure:2953: checking for gcc
configure:2969: found /usr/bin/gcc
configure:2980: result: gcc
configure:3209: checking for C compiler version
configure:3218: gcc --version >&5
gcc (Ubuntu/Linaro 4.6.3-1ubuntu5) 4.6.3
Copyright (C) 2011 Free Software Foundation, Inc.
This is free software; see the source for copying conditions.  There is NO
warranty; not even for MERCHANTABILITY or FITNESS FOR A PARTICULAR PURPOSE.

configure:3229: $? = 0
configure:3218: gcc -v >&5
Using built-in specs.
COLLECT_GCC=gcc
COLLECT_LTO_WRAPPER=/usr/lib/gcc/x86_64-linux-gnu/4.6/lto-wrapper
Target: x86_64-linux-gnu
Configured with: ../src/configure -v --with-pkgversion='Ubuntu/Linaro 4.6.3-1ubuntu5' --with-bugurl=file:///usr/share/doc/gcc-4.6/README.Bugs --enable-languages=c,c++,fortran,objc,obj-c++ --prefix=/usr --program-suffix=-4.6 --enable-shared --enable-linker-build-id --with-system-zlib --libexecdir=/usr/lib --without-included-gettext --enable-threads=posix --with-gxx-include-dir=/usr/include/c++/4.6 --libdir=/usr/lib --enable-nls --with-sysroot=/ --enable-clocale=gnu --enable-libstdcxx-debug --enable-libstdcxx-time=yes --enable-gnu-unique-object --enable-plugin --enable-objc-gc --disable-werror --with-arch-32=i686 --with-tune=generic --enable-checking=release --build=x86_64-linux-gnu --host=x86_64-linux-gnu --target=x86_64-linux-gnu
Thread model: posix
gcc version 4.6.3 (Ubuntu/Linaro 4.6.3-1ubuntu5) 
configure:3229: $? = 0
configure:3218: gcc -V >&5
gcc: error: unrecognized option '-V'
gcc: fatal error: no input files
compilation terminated.
configure:3229: $? = 4
configure:3218: gcc -qversion >&5
gcc: error: unrecognized option '-qversion'
gcc: fatal error: no input files
compilation terminated.
configure:3229: $? = 4
configure:3249: checking whether the C compiler works
configure:3271: gcc    conftest.c  >&5
configure:3275: $? = 0
configure:3323: result: yes
configure:3326: checking for C compiler default output file name
configure:3328: result: a.out
configure:3334: checking for suffix of executables
configure:3341: gcc -o conftest    conftest.c  >&5
configure:3345: $? = 0
configure:3367: result: 
configure:3389: checking whether we are cross compiling
configure:3397: gcc -o conftest    conftest.c  >&5
configure:3401: $? = 0
configure:3408: ./conftest
configure:3412: $? = 0
configure:3427: result: no
configure:3432: checking for suffix of object files
configure:3454: gcc -c   conftest.c >&5
configure:3458: $? = 0
configure:3479: result: o
configure:3483: checking whether we are using the GNU C compiler
configure:3502: gcc -c   conftest.c >&5
configure:3502: $? = 0
configure:3511: result: yes
configure:3520: checking whether gcc accepts -g
configure:3540: gcc -c -g  conftest.c >&5
configure:3540: $? = 0
configure:3581: result: yes
configure:3598: checking for gcc option to accept ISO C89
configure:3662: gcc  -c -g -O2  conftest.c >&5
configure:3662: $? = 0
configure:3675: result: none needed
configure:3706: checking for style of include used by make
configure:3734: result: GNU
configure:3760: checking dependency style of gcc
configure:3871: result: gcc3
configure:3932: checking how to print strings
configure:3959: result: printf
configure:3980: checking for a sed that does not truncate output
configure:4044: result: /bin/sed
configure:4062: checking for grep that handles long lines and -e
configure:4120: result: /bin/grep
configure:4125: checking for egrep
configure:4187: result: /bin/grep -E
configure:4192: checking for fgrep
configure:4254: result: /bin/grep -F
configure:4289: checking for ld used by gcc
configure:4356: result: /usr/bin/ld
configure:4363: checking if the linker (/usr/bin/ld) is GNU ld
configure:4378: result: yes
configure:4390: checking for BSD- or MS-compatible name lister (nm)
configure:4439: result: /usr/bin/nm -B
configure:4569: checking the name lister (/usr/bin/nm -B) interface
configure:4576: gcc -c -g -O2  conftest.c >&5
configure:4579: /usr/bin/nm -B "conftest.o"
configure:4582: output
0000000000000000 B some_variable
configure:4589: result: BSD nm
configure:4592: checking whether ln -s works
configure:4596: result: yes
configure:4604: checking the maximum length of command line arguments
configure:4734: result: 1572864
configure:4751: checking whether the shell understands some XSI constructs
configure:4761: result: yes
configure:4765: checking whether the shell understands "+="
configure:4771: result: yes
configure:4806: checking how to convert x86_64-unknown-linux-gnu file names to x86_64-unknown-linux-gnu format
configure:4846: result: func_convert_file_noop
configure:4853: checking how to convert x86_64-unknown-linux-gnu file names to toolchain format
configure:4873: result: func_convert_file_noop
configure:4880: checking for /usr/bin/ld option to reload object files
configure:4887: result: -r
configure:4961: checking for objdump
configure:4977: found /usr/bin/objdump
configure:4988: result: objdump
configure:5020: checking how to recognize dependent libraries
configure:5222: result: pass_all
configure:5307: checking for dlltool
configure:5337: result: no
configure:5367: checking how to associate runtime and link libraries
configure:5394: result: printf %s\n
configure:5455: checking for ar
configure:5471: found /usr/bin/ar
configure:5482: result: ar
configure:5519: checking for archiver @FILE support
configure:5536: gcc -c -g -O2  conftest.c >&5
configure:5536: $? = 0
configure:5539: ar cru libconftest.a @conftest.lst >&5
configure:5542: $? = 0
configure:5547: ar cru libconftest.a @conftest.lst >&5
ar: conftest.o: No such file or directory
configure:5550: $? = 1
configure:5562: result: @
configure:5620: checking for strip
configure:5636: found /usr/bin/strip
configure:5647: result: strip
configure:5719: checking for ranlib
configure:5735: found /usr/bin/ranlib
configure:5746: result: ranlib
configure:5848: checking command to parse /usr/bin/nm -B output from gcc object
configure:5968: gcc -c -g -O2  conftest.c >&5
configure:5971: $? = 0
configure:5975: /usr/bin/nm -B conftest.o \| sed -n -e 's/^.*[ ]\([ABCDGIRSTW][ABCDGIRSTW]*\)[ ][ ]*\([_A-Za-z][_A-Za-z0-9]*\)$/\1 \2 \2/p' | sed '/ __gnu_lto/d' \> conftest.nm
configure:5978: $? = 0
configure:6044: gcc -o conftest -g -O2   conftest.c conftstm.o >&5
configure:6047: $? = 0
configure:6085: result: ok
configure:6122: checking for sysroot
configure:6152: result: no
configure:6229: gcc -c -g -O2  conftest.c >&5
configure:6232: $? = 0
configure:6408: checking for mt
configure:6424: found /bin/mt
configure:6435: result: mt
configure:6458: checking if mt is a manifest tool
configure:6464: mt '-?'
configure:6472: result: no
configure:7114: checking how to run the C preprocessor
configure:7145: gcc -E  conftest.c
configure:7145: $? = 0
configure:7159: gcc -E  conftest.c
conftest.c:11:28: fatal error: ac_nonexistent.h: No such file or directory
compilation terminated.
configure:7159: $? = 1
configure: failed program was:
| /* confdefs.h */
| #define PACKAGE_NAME ""
| #define PACKAGE_TARNAME ""
| #define PACKAGE_VERSION ""
| #define PACKAGE_STRING ""
| #define PACKAGE_BUGREPORT ""
| #define PACKAGE_URL ""
| #define PACKAGE "libanon"
| #define VERSION "0.2.0"
| /* end confdefs.h.  */
| #include <ac_nonexistent.h>
configure:7184: result: gcc -E
configure:7204: gcc -E  conftest.c
configure:7204: $? = 0
configure:7218: gcc -E  conftest.c
conftest.c:11:28: fatal error: ac_nonexistent.h: No such file or directory
compilation terminated.
configure:7218: $? = 1
configure: failed program was:
| /* confdefs.h */
| #define PACKAGE_NAME ""
| #define PACKAGE_TARNAME ""
| #define PACKAGE_VERSION ""
| #define PACKAGE_STRING ""
| #define PACKAGE_BUGREPORT ""
| #define PACKAGE_URL ""
| #define PACKAGE "libanon"
| #define VERSION "0.2.0"
| /* end confdefs.h.  */
| #include <ac_nonexistent.h>
configure:7247: checking for ANSI C header files
configure:7267: gcc -c -g -O2  conftest.c >&5
configure:7267: $? = 0
configure:7340: gcc -o conftest -g -O2   conftest.c  >&5
configure:7340: $? = 0
configure:7340: ./conftest
configure:7340: $? = 0
configure:7351: result: yes
configure:7364: checking for sys/types.h
configure:7364: gcc -c -g -O2  conftest.c >&5
configure:7364: $? = 0
configure:7364: result: yes
configure:7364: checking for sys/stat.h
configure:7364: gcc -c -g -O2  conftest.c >&5
configure:7364: $? = 0
configure:7364: result: yes
configure:7364: checking for stdlib.h
configure:7364: gcc -c -g -O2  conftest.c >&5
configure:7364: $? = 0
configure:7364: result: yes
configure:7364: checking for string.h
configure:7364: gcc -c -g -O2  conftest.c >&5
configure:7364: $? = 0
configure:7364: result: yes
configure:7364: checking for memory.h
configure:7364: gcc -c -g -O2  conftest.c >&5
configure:7364: $? = 0
configure:7364: result: yes
configure:7364: checking for strings.h
configure:7364: gcc -c -g -O2  conftest.c >&5
configure:7364: $? = 0
configure:7364: result: yes
configure:7364: checking for inttypes.h
configure:7364: gcc -c -g -O2  conftest.c >&5
configure:7364: $? = 0
configure:7364: result: yes
configure:7364: checking for stdint.h
configure:7364: gcc -c -g -O2  conftest.c >&5
configure:7364: $? = 0
configure:7364: result: yes
configure:7364: checking for unistd.h
configure:7364: gcc -c -g -O2  conftest.c >&5
configure:7364: $? = 0
configure:7364: result: yes
configure:7378: checking for dlfcn.h
configure:7378: gcc -c -g -O2  conftest.c >&5
configure:7378: $? = 0
configure:7378: result: yes
configure:7584: checking for objdir
configure:7599: result: .libs
configure:7866: checking if gcc supports -fno-rtti -fno-exceptions
configure:7884: gcc -c -g -O2  -fno-rtti -fno-exceptions conftest.c >&5
cc1: warning: command line option '-fno-rtti' is valid for C++/ObjC++ but not for C [enabled by default]
configure:7888: $? = 0
configure:7901: result: no
configure:8228: checking for gcc option to produce PIC
configure:8235: result: -fPIC -DPIC
configure:8243: checking if gcc PIC flag -fPIC -DPIC works
configure:8261: gcc -c -g -O2  -fPIC -DPIC -DPIC conftest.c >&5
configure:8265: $? = 0
configure:8278: result: yes
configure:8307: checking if gcc static flag -static works
configure:8335: result: yes
configure:8350: checking if gcc supports -c -o file.o
configure:8371: gcc -c -g -O2  -o out/conftest2.o conftest.c >&5
configure:8375: $? = 0
configure:8397: result: yes
configure:8405: checking if gcc supports -c -o file.o
configure:8452: result: yes
configure:8485: checking whether the gcc linker (/usr/bin/ld -m elf_x86_64) supports shared libraries
configure:9642: result: yes
configure:9679: checking whether -lc should be explicitly linked in
configure:9687: gcc -c -g -O2  conftest.c >&5
configure:9690: $? = 0
configure:9705: gcc -shared  -fPIC -DPIC conftest.o  -v -Wl,-soname -Wl,conftest -o conftest 2\>\&1 \| /bin/grep  -lc  \>/dev/null 2\>\&1
configure:9708: $? = 0
configure:9722: result: no
configure:9882: checking dynamic linker characteristics
configure:10393: gcc -o conftest -g -O2   -Wl,-rpath -Wl,/foo conftest.c  >&5
configure:10393: $? = 0
configure:10627: result: GNU/Linux ld.so
configure:10734: checking how to hardcode library paths into programs
configure:10759: result: immediate
configure:11299: checking whether stripping libraries is possible
configure:11304: result: yes
configure:11339: checking if libtool supports shared libraries
configure:11341: result: yes
configure:11344: checking whether to build shared libraries
configure:11365: result: yes
configure:11368: checking whether to build static libraries
configure:11372: result: yes
configure:11464: checking for pkg-config
configure:11482: found /usr/bin/pkg-config
configure:11494: result: /usr/bin/pkg-config
configure:11519: checking pkg-config is at least version 0.9.0
configure:11522: result: yes
configure:11532: checking for OPENSSL
configure:11539: $PKG_CONFIG --exists --print-errors "openssl"
configure:11542: $? = 0
configure:11556: $PKG_CONFIG --exists --print-errors "openssl"
configure:11559: $? = 0
configure:11617: result: yes
configure:11623: checking pcap.h usability
configure:11623: gcc -c -g -O2  conftest.c >&5
configure:11623: $? = 0
configure:11623: result: yes
configure:11623: checking pcap.h presence
configure:11623: gcc -E  conftest.c
configure:11623: $? = 0
configure:11623: result: yes
configure:11623: checking for pcap.h
configure:11623: result: yes
configure:11631: checking for pcap_dispatch in -lpcap
configure:11656: gcc -o conftest -g -O2   conftest.c -lpcap   >&5
configure:11656: $? = 0
configure:11665: result: yes
configure:11679: checking for ANSI C header files
configure:11783: result: yes
configure:11794: checking for unistd.h
configure:11794: result: yes
configure:11794: checking sys/param.h usability
configure:11794: gcc -c -g -O2  conftest.c >&5
configure:11794: $? = 0
configure:11794: result: yes
configure:11794: checking sys/param.h presence
configure:11794: gcc -E  conftest.c
configure:11794: $? = 0
configure:11794: result: yes
configure:11794: checking for sys/param.h
configure:11794: result: yes
configure:11794: checking sys/time.h usability
configure:11794: gcc -c -g -O2  conftest.c >&5
configure:11794: $? = 0
configure:11794: result: yes
configure:11794: checking sys/time.h presence
configure:11794: gcc -E  conftest.c
configure:11794: $? = 0
configure:11794: result: yes
configure:11794: checking for sys/time.h
configure:11794: result: yes
configure:11794: checking time.h usability
configure:11794: gcc -c -g -O2  conftest.c >&5
configure:11794: $? = 0
configure:11794: result: yes
configure:11794: checking time.h presence
configure:11794: gcc -E  conftest.c
configure:11794: $? = 0
configure:11794: result: yes
configure:11794: checking for time.h
configure:11794: result: yes
configure:11794: checking sys/mkdev.h usability
configure:11794: gcc -c -g -O2  conftest.c >&5
conftest.c:62:23: fatal error: sys/mkdev.h: No such file or directory
compilation terminated.
configure:11794: $? = 1
configure: failed program was:
| /* confdefs.h */
| #define PACKAGE_NAME ""
| #define PACKAGE_TARNAME ""
| #define PACKAGE_VERSION ""
| #define PACKAGE_STRING ""
| #define PACKAGE_BUGREPORT ""
| #define PACKAGE_URL ""
| #define PACKAGE "libanon"
| #define VERSION "0.2.0"
| #define STDC_HEADERS 1
| #define HAVE_SYS_TYPES_H 1
| #define HAVE_SYS_STAT_H 1
| #define HAVE_STDLIB_H 1
| #define HAVE_STRING_H 1
| #define HAVE_MEMORY_H 1
| #define HAVE_STRINGS_H 1
| #define HAVE_INTTYPES_H 1
| #define HAVE_STDINT_H 1
| #define HAVE_UNISTD_H 1
| #define HAVE_DLFCN_H 1
| #define LT_OBJDIR ".libs/"
| #define HAVE_LIBPCAP 1
| #define STDC_HEADERS 1
| #define HAVE_UNISTD_H 1
| #define HAVE_SYS_PARAM_H 1
| #define HAVE_SYS_TIME_H 1
| #define HAVE_TIME_H 1
| /* end confdefs.h.  */
| #include <stdio.h>
| #ifdef HAVE_SYS_TYPES_H
| # include <sys/types.h>
| #endif
| #ifdef HAVE_SYS_STAT_H
| # include <sys/stat.h>
| #endif
| #ifdef STDC_HEADERS
| # include <stdlib.h>
| # include <stddef.h>
| #else
| # ifdef HAVE_STDLIB_H
| #  include <stdlib.h>
| # endif
| #endif
| #ifdef HAVE_STRING_H
| # if !defined STDC_HEADERS && defined HAVE_MEMORY_H
| #  include <memory.h>
| # endif
| # include <string.h>
| #endif
| #ifdef HAVE_STRINGS_H
| # include <strings.h>
| #endif
| #ifdef HAVE_INTTYPES_H
| # include <inttypes.h>
| #endif
| #ifdef HAVE_STDINT_H
| # include <stdint.h>
| #endif
| #ifdef HAVE_UNISTD_H
| # include <unistd.h>
| #endif
| #include <sys/mkdev.h>
configure:11794: result: no
configure:11794: checking sys/mkdev.h presence
configure:11794: gcc -E  conftest.c
conftest.c:29:23: fatal error: sys/mkdev.h: No such file or directory
compilation terminated.
configure:11794: $? = 1
configure: failed program was:
| /* confdefs.h */
| #define PACKAGE_NAME ""
| #define PACKAGE_TARNAME ""
| #define PACKAGE_VERSION ""
| #define PACKAGE_STRING ""
| #define PACKAGE_BUGREPORT ""
| #define PACKAGE_URL ""
| #define PACKAGE "libanon"
| #define VERSION "0.2.0"
| #define STDC_HEADERS 1
| #define HAVE_SYS_TYPES_H 1
| #define HAVE_SYS_STAT_H 1
| #define HAVE_STDLIB_H 1
| #define HAVE_STRING_H 1
| #define HAVE_MEMORY_H 1
| #define HAVE_STRINGS_H 1
| #define HAVE_INTTYPES_H 1
| #define HAVE_STDINT_H 1
| #define HAVE_UNISTD_H 1
| #define HAVE_DLFCN_H 1
| #define LT_OBJDIR ".libs/"
| #define HAVE_LIBPCAP 1
| #define STDC_HEADERS 1
| #define HAVE_UNISTD_H 1
| #define HAVE_SYS_PARAM_H 1
| #define HAVE_SYS_TIME_H 1
| #define HAVE_TIME_H 1
| /* end confdefs.h.  */
| #include <sys/mkdev.h>
configure:11794: result: no
configure:11794: checking for sys/mkdev.h
configure:11794: result: no
configure:11794: checking sys/sysmacros.h usability
configure:11794: gcc -c -g -O2  conftest.c >&5
configure:11794: $? = 0
configure:11794: result: yes
configure:11794: checking sys/sysmacros.h presence
configure:11794: gcc -E  conftest.c
configure:11794: $? = 0
configure:11794: result: yes
configure:11794: checking for sys/sysmacros.h
configure:11794: result: yes
configure:11794: checking for string.h
configure:11794: result: yes
configure:11794: checking for memory.h
configure:11794: result: yes
configure:11794: checking fcntl.h usability
configure:11794: gcc -c -g -O2  conftest.c >&5
configure:11794: $? = 0
configure:11794: result: yes
configure:11794: checking fcntl.h presence
configure:11794: gcc -E  conftest.c
configure:11794: $? = 0
configure:11794: result: yes
configure:11794: checking for fcntl.h
configure:11794: result: yes
configure:11794: checking dirent.h usability
configure:11794: gcc -c -g -O2  conftest.c >&5
configure:11794: $? = 0
configure:11794: result: yes
configure:11794: checking dirent.h presence
configure:11794: gcc -E  conftest.c
configure:11794: $? = 0
configure:11794: result: yes
configure:11794: checking for dirent.h
configure:11794: result: yes
configure:11794: checking sys/ndir.h usability
configure:11794: gcc -c -g -O2  conftest.c >&5
conftest.c:67:22: fatal error: sys/ndir.h: No such file or directory
compilation terminated.
configure:11794: $? = 1
configure: failed program was:
| /* confdefs.h */
| #define PACKAGE_NAME ""
| #define PACKAGE_TARNAME ""
| #define PACKAGE_VERSION ""
| #define PACKAGE_STRING ""
| #define PACKAGE_BUGREPORT ""
| #define PACKAGE_URL ""
| #define PACKAGE "libanon"
| #define VERSION "0.2.0"
| #define STDC_HEADERS 1
| #define HAVE_SYS_TYPES_H 1
| #define HAVE_SYS_STAT_H 1
| #define HAVE_STDLIB_H 1
| #define HAVE_STRING_H 1
| #define HAVE_MEMORY_H 1
| #define HAVE_STRINGS_H 1
| #define HAVE_INTTYPES_H 1
| #define HAVE_STDINT_H 1
| #define HAVE_UNISTD_H 1
| #define HAVE_DLFCN_H 1
| #define LT_OBJDIR ".libs/"
| #define HAVE_LIBPCAP 1
| #define STDC_HEADERS 1
| #define HAVE_UNISTD_H 1
| #define HAVE_SYS_PARAM_H 1
| #define HAVE_SYS_TIME_H 1
| #define HAVE_TIME_H 1
| #define HAVE_SYS_SYSMACROS_H 1
| #define HAVE_STRING_H 1
| #define HAVE_MEMORY_H 1
| #define HAVE_FCNTL_H 1
| #define HAVE_DIRENT_H 1
| /* end confdefs.h.  */
| #include <stdio.h>
| #ifdef HAVE_SYS_TYPES_H
| # include <sys/types.h>
| #endif
| #ifdef HAVE_SYS_STAT_H
| # include <sys/stat.h>
| #endif
| #ifdef STDC_HEADERS
| # include <stdlib.h>
| # include <stddef.h>
| #else
| # ifdef HAVE_STDLIB_H
| #  include <stdlib.h>
| # endif
| #endif
| #ifdef HAVE_STRING_H
| # if !defined STDC_HEADERS && defined HAVE_MEMORY_H
| #  include <memory.h>
| # endif
| # include <string.h>
| #endif
| #ifdef HAVE_STRINGS_H
| # include <strings.h>
| #endif
| #ifdef HAVE_INTTYPES_H
| # include <inttypes.h>
| #endif
| #ifdef HAVE_STDINT_H
| # include <stdint.h>
| #endif
| #ifdef HAVE_UNISTD_H
| # include <unistd.h>
| #endif
| #include <sys/ndir.h>
configure:11794: result: no
configure:11794: checking sys/ndir.h presence
configure:11794: gcc -E  conftest.c
conftest.c:34:22: fatal error: sys/ndir.h: No such file or directory
compilation terminated.
configure:11794: $? = 1
configure: failed program was:
| /* confdefs.h */
| #define PACKAGE_NAME ""
| #define PACKAGE_TARNAME ""
| #define PACKAGE_VERSION ""
| #define PACKAGE_STRING ""
| #define PACKAGE_BUGREPORT ""
| #define PACKAGE_URL ""
| #define PACKAGE "libanon"
| #define VERSION "0.2.0"
| #define STDC_HEADERS 1
| #define HAVE_SYS_TYPES_H 1
| #define HAVE_SYS_STAT_H 1
| #define HAVE_STDLIB_H 1
| #define HAVE_STRING_H 1
| #define HAVE_MEMORY_H 1
| #define HAVE_STRINGS_H 1
| #define HAVE_INTTYPES_H 1
| #define HAVE_STDINT_H 1
| #define HAVE_UNISTD_H 1
| #define HAVE_DLFCN_H 1
| #define LT_OBJDIR ".libs/"
| #define HAVE_LIBPCAP 1
| #define STDC_HEADERS 1
| #define HAVE_UNISTD_H 1
| #define HAVE_SYS_PARAM_H 1
| #define HAVE_SYS_TIME_H 1
| #define HAVE_TIME_H 1
| #define HAVE_SYS_SYSMACROS_H 1
| #define HAVE_STRING_H 1
| #define HAVE_MEMORY_H 1
| #define HAVE_FCNTL_H 1
| #define HAVE_DIRENT_H 1
| /* end confdefs.h.  */
| #include <sys/ndir.h>
configure:11794: result: no
configure:11794: checking for sys/ndir.h
configure:11794: result: no
configure:11794: checking ndir.h usability
configure:11794: gcc -c -g -O2  conftest.c >&5
conftest.c:67:18: fatal error: ndir.h: No such file or directory
compilation terminated.
configure:11794: $? = 1
configure: failed program was:
| /* confdefs.h */
| #define PACKAGE_NAME ""
| #define PACKAGE_TARNAME ""
| #define PACKAGE_VERSION ""
| #define PACKAGE_STRING ""
| #define PACKAGE_BUGREPORT ""
| #define PACKAGE_URL ""
| #define PACKAGE "libanon"
| #define VERSION "0.2.0"
| #define STDC_HEADERS 1
| #define HAVE_SYS_TYPES_H 1
| #define HAVE_SYS_STAT_H 1
| #define HAVE_STDLIB_H 1
| #define HAVE_STRING_H 1
| #define HAVE_MEMORY_H 1
| #define HAVE_STRINGS_H 1
| #define HAVE_INTTYPES_H 1
| #define HAVE_STDINT_H 1
| #define HAVE_UNISTD_H 1
| #define HAVE_DLFCN_H 1
| #define LT_OBJDIR ".libs/"
| #define HAVE_LIBPCAP 1
| #define STDC_HEADERS 1
| #define HAVE_UNISTD_H 1
| #define HAVE_SYS_PARAM_H 1
| #define HAVE_SYS_TIME_H 1
| #define HAVE_TIME_H 1
| #define HAVE_SYS_SYSMACROS_H 1
| #define HAVE_STRING_H 1
| #define HAVE_MEMORY_H 1
| #define HAVE_FCNTL_H 1
| #define HAVE_DIRENT_H 1
| /* end confdefs.h.  */
| #include <stdio.h>
| #ifdef HAVE_SYS_TYPES_H
| # include <sys/types.h>
| #endif
| #ifdef HAVE_SYS_STAT_H
| # include <sys/stat.h>
| #endif
| #ifdef STDC_HEADERS
| # include <stdlib.h>
| # include <stddef.h>
| #else
| # ifdef HAVE_STDLIB_H
| #  include <stdlib.h>
| # endif
| #endif
| #ifdef HAVE_STRING_H
| # if !defined STDC_HEADERS && defined HAVE_MEMORY_H
| #  include <memory.h>
| # endif
| # include <string.h>
| #endif
| #ifdef HAVE_STRINGS_H
| # include <strings.h>
| #endif
| #ifdef HAVE_INTTYPES_H
| # include <inttypes.h>
| #endif
| #ifdef HAVE_STDINT_H
| # include <stdint.h>
| #endif
| #ifdef HAVE_UNISTD_H
| # include <unistd.h>
| #endif
| #include <ndir.h>
configure:11794: result: no
configure:11794: checking ndir.h presence
configure:11794: gcc -E  conftest.c
conftest.c:34:18: fatal error: ndir.h: No such file or directory
compilation terminated.
configure:11794: $? = 1
configure: failed program was:
| /* confdefs.h */
| #define PACKAGE_NAME ""
| #define PACKAGE_TARNAME ""
| #define PACKAGE_VERSION ""
| #define PACKAGE_STRING ""
| #define PACKAGE_BUGREPORT ""
| #define PACKAGE_URL ""
| #define PACKAGE "libanon"
| #define VERSION "0.2.0"
| #define STDC_HEADERS 1
| #define HAVE_SYS_TYPES_H 1
| #define HAVE_SYS_STAT_H 1
| #define HAVE_STDLIB_H 1
| #define HAVE_STRING_H 1
| #define HAVE_MEMORY_H 1
| #define HAVE_STRINGS_H 1
| #define HAVE_INTTYPES_H 1
| #define HAVE_STDINT_H 1
| #define HAVE_UNISTD_H 1
| #define HAVE_DLFCN_H 1
| #define LT_OBJDIR ".libs/"
| #define HAVE_LIBPCAP 1
| #define STDC_HEADERS 1
| #define HAVE_UNISTD_H 1
| #define HAVE_SYS_PARAM_H 1
| #define HAVE_SYS_TIME_H 1
| #define HAVE_TIME_H 1
| #define HAVE_SYS_SYSMACROS_H 1
| #define HAVE_STRING_H 1
| #define HAVE_MEMORY_H 1
| #define HAVE_FCNTL_H 1
| #define HAVE_DIRENT_H 1
| /* end confdefs.h.  */
| #include <ndir.h>
configure:11794: result: no
configure:11794: checking for ndir.h
configure:11794: result: no
configure:11794: checking alloca.h usability
configure:11794: gcc -c -g -O2  conftest.c >&5
configure:11794: $? = 0
configure:11794: result: yes
configure:11794: checking alloca.h presence
configure:11794: gcc -E  conftest.c
configure:11794: $? = 0
configure:11794: result: yes
configure:11794: checking for alloca.h
configure:11794: result: yes
configure:11794: checking locale.h usability
configure:11794: gcc -c -g -O2  conftest.c >&5
configure:11794: $? = 0
configure:11794: result: yes
configure:11794: checking locale.h presence
configure:11794: gcc -E  conftest.c
configure:11794: $? = 0
configure:11794: result: yes
configure:11794: checking for locale.h
configure:11794: result: yes
configure:11806: checking whether time.h and sys/time.h may both be included
configure:11826: gcc -c -g -O2  conftest.c >&5
configure:11826: $? = 0
configure:11833: result: yes
configure:11844: checking utime.h usability
configure:11844: gcc -c -g -O2  conftest.c >&5
configure:11844: $? = 0
configure:11844: result: yes
configure:11844: checking utime.h presence
configure:11844: gcc -E  conftest.c
configure:11844: $? = 0
configure:11844: result: yes
configure:11844: checking for utime.h
configure:11844: result: yes
configure:11855: checking for struct utimbuf
configure:11885: gcc -c -g -O2  conftest.c >&5
configure:11885: $? = 0
configure:11893: result: yes
configure:11904: checking whether sys/types.h defines makedev
configure:11920: gcc -o conftest -g -O2   conftest.c -lpcap  >&5
configure:11920: $? = 0
configure:11929: result: yes
configure:11954: checking for size_t
configure:11954: gcc -c -g -O2  conftest.c >&5
configure:11954: $? = 0
configure:11954: gcc -c -g -O2  conftest.c >&5
conftest.c: In function 'main':
conftest.c:75:21: error: expected expression before ')' token
configure:11954: $? = 1
configure: failed program was:
| /* confdefs.h */
| #define PACKAGE_NAME ""
| #define PACKAGE_TARNAME ""
| #define PACKAGE_VERSION ""
| #define PACKAGE_STRING ""
| #define PACKAGE_BUGREPORT ""
| #define PACKAGE_URL ""
| #define PACKAGE "libanon"
| #define VERSION "0.2.0"
| #define STDC_HEADERS 1
| #define HAVE_SYS_TYPES_H 1
| #define HAVE_SYS_STAT_H 1
| #define HAVE_STDLIB_H 1
| #define HAVE_STRING_H 1
| #define HAVE_MEMORY_H 1
| #define HAVE_STRINGS_H 1
| #define HAVE_INTTYPES_H 1
| #define HAVE_STDINT_H 1
| #define HAVE_UNISTD_H 1
| #define HAVE_DLFCN_H 1
| #define LT_OBJDIR ".libs/"
| #define HAVE_LIBPCAP 1
| #define STDC_HEADERS 1
| #define HAVE_UNISTD_H 1
| #define HAVE_SYS_PARAM_H 1
| #define HAVE_SYS_TIME_H 1
| #define HAVE_TIME_H 1
| #define HAVE_SYS_SYSMACROS_H 1
| #define HAVE_STRING_H 1
| #define HAVE_MEMORY_H 1
| #define HAVE_FCNTL_H 1
| #define HAVE_DIRENT_H 1
| #define HAVE_ALLOCA_H 1
| #define HAVE_LOCALE_H 1
| #define TIME_WITH_SYS_TIME 1
| #define HAVE_UTIME_H 1
| #define HAVE_STRUCT_UTIMBUF 1
| /* end confdefs.h.  */
| #include <stdio.h>
| #ifdef HAVE_SYS_TYPES_H
| # include <sys/types.h>
| #endif
| #ifdef HAVE_SYS_STAT_H
| # include <sys/stat.h>
| #endif
| #ifdef STDC_HEADERS
| # include <stdlib.h>
| # include <stddef.h>
| #else
| # ifdef HAVE_STDLIB_H
| #  include <stdlib.h>
| # endif
| #endif
| #ifdef HAVE_STRING_H
| # if !defined STDC_HEADERS && defined HAVE_MEMORY_H
| #  include <memory.h>
| # endif
| # include <string.h>
| #endif
| #ifdef HAVE_STRINGS_H
| # include <strings.h>
| #endif
| #ifdef HAVE_INTTYPES_H
| # include <inttypes.h>
| #endif
| #ifdef HAVE_STDINT_H
| # include <stdint.h>
| #endif
| #ifdef HAVE_UNISTD_H
| # include <unistd.h>
| #endif
| int
| main ()
| {
| if (sizeof ((size_t)))
| 	    return 0;
|   ;
|   return 0;
| }
configure:11954: result: yes
configure:11967: checking for working alloca.h
configure:11984: gcc -o conftest -g -O2   conftest.c -lpcap  >&5
configure:11984: $? = 0
configure:11992: result: yes
configure:12000: checking for alloca
configure:12037: gcc -o conftest -g -O2   conftest.c -lpcap  >&5
configure:12037: $? = 0
configure:12045: result: yes
configure:12154: checking whether struct tm is in sys/time.h or time.h
configure:12174: gcc -c -g -O2  conftest.c >&5
configure:12174: $? = 0
configure:12181: result: time.h
configure:12189: checking for struct stat.st_blocks
configure:12189: gcc -c -g -O2  conftest.c >&5
configure:12189: $? = 0
configure:12189: result: yes
configure:12212: checking for dirent.h that defines DIR
configure:12231: gcc -c -g -O2  conftest.c >&5
configure:12231: $? = 0
configure:12239: result: yes
configure:12252: checking for library containing opendir
configure:12283: gcc -o conftest -g -O2   conftest.c -lpcap  >&5
configure:12283: $? = 0
configure:12300: result: none required
configure:12367: checking whether closedir returns void
configure:12391: gcc -o conftest -g -O2   conftest.c -lpcap  >&5
configure:12391: $? = 0
configure:12391: ./conftest
configure:12391: $? = 0
configure:12401: result: no
configure:12411: checking for mkfifo
configure:12411: gcc -o conftest -g -O2   conftest.c -lpcap  >&5
configure:12411: $? = 0
configure:12411: result: yes
configure:12420: checking for mknod
configure:12420: gcc -o conftest -g -O2   conftest.c -lpcap  >&5
configure:12420: $? = 0
configure:12420: result: yes
configure:12564: creating ./config.status

## ---------------------- ##
## Running config.status. ##
## ---------------------- ##

This file was extended by config.status, which was
generated by GNU Autoconf 2.68.  Invocation command line was

  CONFIG_FILES    = 
  CONFIG_HEADERS  = 
  CONFIG_LINKS    = 
  CONFIG_COMMANDS = 
  $ ./config.status 

on wmvm

config.status:1124: creating Makefile
config.status:1124: creating src/Makefile
config.status:1124: creating test/Makefile
config.status:1124: creating libanon.lsm
config.status:1124: creating libanon.spec
config.status:1124: creating libanon.pc
config.status:1124: creating config.h
config.status:1353: executing depfiles commands
config.status:1353: executing libtool commands

## ---------------- ##
## Cache variables. ##
## ---------------- ##

ac_cv_build=x86_64-unknown-linux-gnu
ac_cv_c_compiler_gnu=yes
ac_cv_env_CC_set=
ac_cv_env_CC_value=
ac_cv_env_CFLAGS_set=
ac_cv_env_CFLAGS_value=
ac_cv_env_CPPFLAGS_set=
ac_cv_env_CPPFLAGS_value=
ac_cv_env_CPP_set=
ac_cv_env_CPP_value=
ac_cv_env_LDFLAGS_set=
ac_cv_env_LDFLAGS_value=
ac_cv_env_LIBS_set=
ac_cv_env_LIBS_value=
ac_cv_env_OPENSSL_CFLAGS_set=
ac_cv_env_OPENSSL_CFLAGS_value=
ac_cv_env_OPENSSL_LIBS_set=
ac_cv_env_OPENSSL_LIBS_value=
ac_cv_env_PKG_CONFIG_LIBDIR_set=
ac_cv_env_PKG_CONFIG_LIBDIR_value=
ac_cv_env_PKG_CONFIG_PATH_set=
ac_cv_env_PKG_CONFIG_PATH_value=
ac_cv_env_PKG_CONFIG_set=
ac_cv_env_PKG_CONFIG_value=
ac_cv_env_build_alias_set=
ac_cv_env_build_alias_value=
ac_cv_env_host_alias_set=
ac_cv_env_host_alias_value=
ac_cv_env_target_alias_set=
ac_cv_env_target_alias_value=
ac_cv_func_alloca_works=yes
ac_cv_func_closedir_void=no
ac_cv_func_mkfifo=yes
ac_cv_func_mknod=yes
ac_cv_header_alloca_h=yes
ac_cv_header_dirent_dirent_h=yes
ac_cv_header_dirent_h=yes
ac_cv_header_dlfcn_h=yes
ac_cv_header_fcntl_h=yes
ac_cv_header_inttypes_h=yes
ac_cv_header_locale_h=yes
ac_cv_header_memory_h=yes
ac_cv_header_ndir_h=no
ac_cv_header_pcap_h=yes
ac_cv_header_stdc=yes
ac_cv_header_stdint_h=yes
ac_cv_header_stdlib_h=yes
ac_cv_header_string_h=yes
ac_cv_header_strings_h=yes
ac_cv_header_sys_mkdev_h=no
ac_cv_header_sys_ndir_h=no
ac_cv_header_sys_param_h=yes
ac_cv_header_sys_stat_h=yes
ac_cv_header_sys_sysmacros_h=yes
ac_cv_header_sys_time_h=yes
ac_cv_header_sys_types_h=yes
ac_cv_header_sys_types_h_makedev=yes
ac_cv_header_time=yes
ac_cv_header_time_h=yes
ac_cv_header_unistd_h=yes
ac_cv_header_utime_h=yes
ac_cv_host=x86_64-unknown-linux-gnu
ac_cv_lib_pcap_pcap_dispatch=yes
ac_cv_member_struct_stat_st_blocks=yes
ac_cv_objext=o
ac_cv_path_EGREP='/bin/grep -E'
ac_cv_path_FGREP='/bin/grep -F'
ac_cv_path_GREP=/bin/grep
ac_cv_path_SED=/bin/sed
ac_cv_path_ac_pt_PKG_CONFIG=/usr/bin/pkg-config
ac_cv_path_install='/usr/bin/install -c'
ac_cv_path_mkdir=/bin/mkdir
ac_cv_prog_AWK=mawk
ac_cv_prog_CPP='gcc -E'
ac_cv_prog_ac_ct_AR=ar
ac_cv_prog_ac_ct_CC=gcc
ac_cv_prog_ac_ct_MANIFEST_TOOL=mt
ac_cv_prog_ac_ct_OBJDUMP=objdump
ac_cv_prog_ac_ct_RANLIB=ranlib
ac_cv_prog_ac_ct_STRIP=strip
ac_cv_prog_cc_c89=
ac_cv_prog_cc_g=yes
ac_cv_prog_make_make_set=yes
ac_cv_search_opendir='none required'
ac_cv_struct_tm=time.h
ac_cv_type_size_t=yes
ac_cv_working_alloca_h=yes
am_cv_CC_dependencies_compiler_type=gcc3
fu_cv_sys_struct_utimbuf=yes
lt_cv_ar_at_file=@
lt_cv_archive_cmds_need_lc=no
lt_cv_deplibs_check_method=pass_all
lt_cv_file_magic_cmd='$MAGIC_CMD'
lt_cv_file_magic_test_file=
lt_cv_ld_reload_flag=-r
lt_cv_nm_interface='BSD nm'
lt_cv_objdir=.libs
lt_cv_path_LD=/usr/bin/ld
lt_cv_path_NM='/usr/bin/nm -B'
lt_cv_path_mainfest_tool=no
lt_cv_prog_compiler_c_o=yes
lt_cv_prog_compiler_pic='-fPIC -DPIC'
lt_cv_prog_compiler_pic_works=yes
lt_cv_prog_compiler_rtti_exceptions=no
lt_cv_prog_compiler_static_works=yes
lt_cv_prog_gnu_ld=yes
lt_cv_sharedlib_from_linklib_cmd='printf %s\n'
lt_cv_shlibpath_overrides_runpath=no
lt_cv_sys_global_symbol_pipe='sed -n -e '\''s/^.*[	 ]\([ABCDGIRSTW][ABCDGIRSTW]*\)[	 ][	 ]*\([_A-Za-z][_A-Za-z0-9]*\)$/\1 \2 \2/p'\'' | sed '\''/ __gnu_lto/d'\'''
lt_cv_sys_global_symbol_to_c_name_address='sed -n -e '\''s/^: \([^ ]*\)[ ]*$/  {\"\1\", (void *) 0},/p'\'' -e '\''s/^[ABCDGIRSTW]* \([^ ]*\) \([^ ]*\)$/  {"\2", (void *) \&\2},/p'\'''
lt_cv_sys_global_symbol_to_c_name_address_lib_prefix='sed -n -e '\''s/^: \([^ ]*\)[ ]*$/  {\"\1\", (void *) 0},/p'\'' -e '\''s/^[ABCDGIRSTW]* \([^ ]*\) \(lib[^ ]*\)$/  {"\2", (void *) \&\2},/p'\'' -e '\''s/^[ABCDGIRSTW]* \([^ ]*\) \([^ ]*\)$/  {"lib\2", (void *) \&\2},/p'\'''
lt_cv_sys_global_symbol_to_cdecl='sed -n -e '\''s/^T .* \(.*\)$/extern int \1();/p'\'' -e '\''s/^[ABCDGIRSTW]* .* \(.*\)$/extern char \1;/p'\'''
lt_cv_sys_max_cmd_len=1572864
lt_cv_to_host_file_cmd=func_convert_file_noop
lt_cv_to_tool_file_cmd=func_convert_file_noop
pkg_cv_OPENSSL_CFLAGS=' '
pkg_cv_OPENSSL_LIBS='-lssl -lcrypto  '

## ----------------- ##
## Output variables. ##
## ----------------- ##

ACLOCAL='${SHELL} /root/deb/build/libanon-0.1/missing --run aclocal-1.11'
ALLOCA=''
AMDEPBACKSLASH='\'
AMDEP_FALSE='#'
AMDEP_TRUE=''
AMTAR='$${TAR-tar}'
AR='ar'
AUTOCONF='${SHELL} /root/deb/build/libanon-0.1/missing --run autoconf'
AUTOHEADER='${SHELL} /root/deb/build/libanon-0.1/missing --run autoheader'
AUTOMAKE='${SHELL} /root/deb/build/libanon-0.1/missing --run automake-1.11'
AWK='mawk'
CC='gcc'
CCDEPMODE='depmode=gcc3'
CFLAGS='-g -O2'
CPP='gcc -E'
CPPFLAGS=''
CYGPATH_W='echo'
DEFS='-DHAVE_CONFIG_H'
DEPDIR='.deps'
DLLTOOL='false'
DSYMUTIL=''
DUMPBIN=''
ECHO_C=''
ECHO_N='-n'
ECHO_T=''
EGREP='/bin/grep -E'
EXEEXT=''
FGREP='/bin/grep -F'
GREP='/bin/grep'
INSTALL_DATA='${INSTALL} -m 644'
INSTALL_PROGRAM='${INSTALL}'
INSTALL_SCRIPT='${INSTALL}'
INSTALL_STRIP_PROGRAM='$(install_sh) -c -s'
ISODATE='2012-09-05'
LD='/usr/bin/ld -m elf_x86_64'
LDFLAGS=''
LIBOBJS=''
LIBS='-lpcap '
LIBTOOL='$(SHELL) $(top_builddir)/libtool'
LIPO=''
LN_S='ln -s'
LTLIBOBJS=''
MAKEINFO='${SHELL} /root/deb/build/libanon-0.1/missing --run makeinfo'
MANIFEST_TOOL=':'
MKDIR_P='/bin/mkdir -p'
NM='/usr/bin/nm -B'
NMEDIT=''
OBJDUMP='objdump'
OBJEXT='o'
OPENSSL_CFLAGS=' '
OPENSSL_LIBS='-lssl -lcrypto  '
OTOOL64=''
OTOOL=''
PACKAGE='libanon'
PACKAGE_BUGREPORT=''
PACKAGE_NAME=''
PACKAGE_STRING=''
PACKAGE_TARNAME=''
PACKAGE_URL=''
PACKAGE_VERSION=''
PATH_SEPARATOR=':'
PKG_CONFIG='/usr/bin/pkg-config'
PKG_CONFIG_LIBDIR=''
PKG_CONFIG_PATH=''
RANLIB='ranlib'
SED='/bin/sed'
SET_MAKE=''
SHELL='/bin/bash'
STRIP='strip'
VERSION='0.2.0'
VERSION_LIBTOOL='0:0:0'
VERSION_STRING='0.2.0'
ac_ct_AR='ar'
ac_ct_CC='gcc'
ac_ct_DUMPBIN=''
am__EXEEXT_FALSE=''
am__EXEEXT_TRUE='#'
am__fastdepCC_FALSE='#'
am__fastdepCC_TRUE=''
am__include='include'
am__isrc=''
am__leading_dot='.'
am__nodep='_no'
am__quote=''
am__tar='$${TAR-tar} chof - "$$tardir"'
am__untar='$${TAR-tar} xf -'
bindir='${exec_prefix}/bin'
build='x86_64-unknown-linux-gnu'
build_alias=''
build_cpu='x86_64'
build_os='linux-gnu'
build_vendor='unknown'
datadir='${datarootdir}'
datarootdir='${prefix}/share'
docdir='${datarootdir}/doc/${PACKAGE}'
dvidir='${docdir}'
exec_prefix='${prefix}'
host='x86_64-unknown-linux-gnu'
host_alias=''
host_cpu='x86_64'
host_os='linux-gnu'
host_vendor='unknown'
htmldir='${docdir}'
includedir='${prefix}/include'
infodir='${datarootdir}/info'
install_sh='${SHELL} /root/deb/build/libanon-0.1/install-sh'
libdir='${exec_prefix}/lib'
libexecdir='${exec_prefix}/libexec'
localedir='${datarootdir}/locale'
localstatedir='${prefix}/var'
mandir='${datarootdir}/man'
mkdir_p='/bin/mkdir -p'
oldincludedir='/usr/include'
pdfdir='${docdir}'
prefix='/usr/local'
program_transform_name='s,x,x,'
psdir='${docdir}'
sbindir='${exec_prefix}/sbin'
sharedstatedir='${prefix}/com'
sysconfdir='${prefix}/etc'
target_alias=''

## ----------- ##
## confdefs.h. ##
## ----------- ##

/* confdefs.h */
#define PACKAGE_NAME ""
#define PACKAGE_TARNAME ""
#define PACKAGE_VERSION ""
#define PACKAGE_STRING ""
#define PACKAGE_BUGREPORT ""
#define PACKAGE_URL ""
#define PACKAGE "libanon"
#define VERSION "0.2.0"
#define STDC_HEADERS 1
#define HAVE_SYS_TYPES_H 1
#define HAVE_SYS_STAT_H 1
#define HAVE_STDLIB_H 1
#define HAVE_STRING_H 1
#define HAVE_MEMORY_H 1
#define HAVE_STRINGS_H 1
#define HAVE_INTTYPES_H 1
#define HAVE_STDINT_H 1
#define HAVE_UNISTD_H 1
#define HAVE_DLFCN_H 1
#define LT_OBJDIR ".libs/"
#define HAVE_LIBPCAP 1
#define STDC_HEADERS 1
#define HAVE_UNISTD_H 1
#define HAVE_SYS_PARAM_H 1
#define HAVE_SYS_TIME_H 1
#define HAVE_TIME_H 1
#define HAVE_SYS_SYSMACROS_H 1
#define HAVE_STRING_H 1
#define HAVE_MEMORY_H 1
#define HAVE_FCNTL_H 1
#define HAVE_DIRENT_H 1
#define HAVE_ALLOCA_H 1
#define HAVE_LOCALE_H 1
#define TIME_WITH_SYS_TIME 1
#define HAVE_UTIME_H 1
#define HAVE_STRUCT_UTIMBUF 1
#define HAVE_ALLOCA_H 1
#define HAVE_ALLOCA 1
#define HAVE_STRUCT_STAT_ST_BLOCKS 1
#define HAVE_ST_BLOCKS 1
#define HAVE_DIRENT_H 1
#define HAVE_MKFIFO 1

configure: exit 0
